0 info it worked if it ends with ok
1 verbose cli [ '/home/ubuntu/.nvm/versions/node/v4.7.3/bin/node',
1 verbose cli   '/home/ubuntu/.nvm/versions/node/v4.7.3/bin/npm',
1 verbose cli   'install',
1 verbose cli   'sematic-ui',
1 verbose cli   '--save' ]
2 info using npm@2.15.11
3 info using node@v4.7.3
4 verbose install initial load of /home/ubuntu/workspace/writingblocks/package.json
5 warn package.json writingblocks@1.0.0 No repository field.
6 verbose installManyTop reading scoped package data from /home/ubuntu/workspace/writingblocks/node_modules/async/package.json
7 verbose installManyTop reading scoped package data from /home/ubuntu/workspace/writingblocks/node_modules/bluebird/package.json
8 verbose installManyTop reading scoped package data from /home/ubuntu/workspace/writingblocks/node_modules/body-parser/package.json
9 verbose installManyTop reading scoped package data from /home/ubuntu/workspace/writingblocks/node_modules/bson/package.json
10 verbose installManyTop reading scoped package data from /home/ubuntu/workspace/writingblocks/node_modules/debug/package.json
11 verbose installManyTop reading scoped package data from /home/ubuntu/workspace/writingblocks/node_modules/ejs/package.json
12 verbose installManyTop reading scoped package data from /home/ubuntu/workspace/writingblocks/node_modules/express/package.json
13 verbose installManyTop reading scoped package data from /home/ubuntu/workspace/writingblocks/node_modules/express-session/package.json
14 verbose installManyTop reading scoped package data from /home/ubuntu/workspace/writingblocks/node_modules/jquery/package.json
15 verbose installManyTop reading scoped package data from /home/ubuntu/workspace/writingblocks/node_modules/kareem/package.json
16 verbose installManyTop reading scoped package data from /home/ubuntu/workspace/writingblocks/node_modules/lodash/package.json
17 verbose installManyTop reading scoped package data from /home/ubuntu/workspace/writingblocks/node_modules/lodash.get/package.json
18 verbose installManyTop reading scoped package data from /home/ubuntu/workspace/writingblocks/node_modules/memory-pager/package.json
19 verbose installManyTop reading scoped package data from /home/ubuntu/workspace/writingblocks/node_modules/method-override/package.json
20 verbose installManyTop reading scoped package data from /home/ubuntu/workspace/writingblocks/node_modules/moment/package.json
21 verbose installManyTop reading scoped package data from /home/ubuntu/workspace/writingblocks/node_modules/mongodb/package.json
22 verbose installManyTop reading scoped package data from /home/ubuntu/workspace/writingblocks/node_modules/mongodb-core/package.json
23 verbose installManyTop reading scoped package data from /home/ubuntu/workspace/writingblocks/node_modules/mongoose/package.json
24 verbose installManyTop reading scoped package data from /home/ubuntu/workspace/writingblocks/node_modules/mongoose-legacy-pluralize/package.json
25 verbose installManyTop reading scoped package data from /home/ubuntu/workspace/writingblocks/node_modules/mpath/package.json
26 verbose installManyTop reading scoped package data from /home/ubuntu/workspace/writingblocks/node_modules/mquery/package.json
27 verbose installManyTop reading scoped package data from /home/ubuntu/workspace/writingblocks/node_modules/ms/package.json
28 verbose installManyTop reading scoped package data from /home/ubuntu/workspace/writingblocks/node_modules/passport/package.json
29 verbose installManyTop reading scoped package data from /home/ubuntu/workspace/writingblocks/node_modules/passport-local/package.json
30 verbose installManyTop reading scoped package data from /home/ubuntu/workspace/writingblocks/node_modules/passport-local-mongoose/package.json
31 verbose installManyTop reading scoped package data from /home/ubuntu/workspace/writingblocks/node_modules/regexp-clone/package.json
32 verbose installManyTop reading scoped package data from /home/ubuntu/workspace/writingblocks/node_modules/request/package.json
33 verbose installManyTop reading scoped package data from /home/ubuntu/workspace/writingblocks/node_modules/require_optional/package.json
34 verbose installManyTop reading scoped package data from /home/ubuntu/workspace/writingblocks/node_modules/resolve-from/package.json
35 verbose installManyTop reading scoped package data from /home/ubuntu/workspace/writingblocks/node_modules/ridict/package.json
36 verbose installManyTop reading scoped package data from /home/ubuntu/workspace/writingblocks/node_modules/safe-buffer/package.json
37 verbose installManyTop reading scoped package data from /home/ubuntu/workspace/writingblocks/node_modules/saslprep/package.json
38 verbose installManyTop reading scoped package data from /home/ubuntu/workspace/writingblocks/node_modules/semver/package.json
39 verbose installManyTop reading scoped package data from /home/ubuntu/workspace/writingblocks/node_modules/sliced/package.json
40 verbose installManyTop reading scoped package data from /home/ubuntu/workspace/writingblocks/node_modules/sparse-bitfield/package.json
41 verbose installManyTop reading scoped package data from /home/ubuntu/workspace/writingblocks/node_modules/@yaireo/tagify/package.json
42 info package.json passport-local@1.0.0 No license field.
43 info package.json ridict@0.0.1 No license field.
44 info package.json @yaireo/tagify@2.9.7 No license field.
45 verbose readDependencies loading dependencies from /home/ubuntu/workspace/writingblocks/package.json
46 silly cache add args [ 'sematic-ui', null ]
47 verbose cache add spec sematic-ui
48 silly cache add parsed spec Result {
48 silly cache add   raw: 'sematic-ui',
48 silly cache add   scope: null,
48 silly cache add   name: 'sematic-ui',
48 silly cache add   rawSpec: '',
48 silly cache add   spec: 'latest',
48 silly cache add   type: 'tag' }
49 silly addNamed sematic-ui@latest
50 verbose addNamed "latest" is being treated as a dist-tag for sematic-ui
51 info addNameTag [ 'sematic-ui', 'latest' ]
52 silly mapToRegistry name sematic-ui
53 silly mapToRegistry using default registry
54 silly mapToRegistry registry https://registry.npmjs.org/
55 silly mapToRegistry data Result {
55 silly mapToRegistry   raw: 'sematic-ui',
55 silly mapToRegistry   scope: null,
55 silly mapToRegistry   name: 'sematic-ui',
55 silly mapToRegistry   rawSpec: '',
55 silly mapToRegistry   spec: 'latest',
55 silly mapToRegistry   type: 'tag' }
56 silly mapToRegistry uri https://registry.npmjs.org/sematic-ui
57 verbose addNameTag registry:https://registry.npmjs.org/sematic-ui not in flight; fetching
58 verbose request uri https://registry.npmjs.org/sematic-ui
59 verbose request no auth needed
60 info attempt registry request try #1 at 11:40:54 PM
61 verbose request id f0a9415ab10eec8c
62 http request GET https://registry.npmjs.org/sematic-ui
63 http 404 https://registry.npmjs.org/sematic-ui
64 verbose headers { date: 'Sun, 13 Jan 2019 23:40:54 GMT',
64 verbose headers   'content-type': 'application/json',
64 verbose headers   'content-length': '21',
64 verbose headers   connection: 'keep-alive',
64 verbose headers   'set-cookie': [ '__cfduid=d70101b7bd51ef9033f64b91a792ba37c1547422854; expires=Mon, 13-Jan-20 23:40:54 GMT; path=/; domain=.registry.npmjs.org; HttpOnly' ],
64 verbose headers   'cf-cache-status': 'MISS',
64 verbose headers   'cache-control': 'max-age=300',
64 verbose headers   'cf-ray': '498bb5e70a5bc51a-ORD',
64 verbose headers   'expect-ct': 'max-age=604800, report-uri="https://report-uri.cloudflare.com/cdn-cgi/beacon/expect-ct"',
64 verbose headers   vary: 'accept-encoding, accept',
64 verbose headers   server: 'cloudflare' }
65 silly get cb [ 404,
65 silly get   { date: 'Sun, 13 Jan 2019 23:40:54 GMT',
65 silly get     'content-type': 'application/json',
65 silly get     'content-length': '21',
65 silly get     connection: 'keep-alive',
65 silly get     'set-cookie': [ '__cfduid=d70101b7bd51ef9033f64b91a792ba37c1547422854; expires=Mon, 13-Jan-20 23:40:54 GMT; path=/; domain=.registry.npmjs.org; HttpOnly' ],
65 silly get     'cf-cache-status': 'MISS',
65 silly get     'cache-control': 'max-age=300',
65 silly get     'cf-ray': '498bb5e70a5bc51a-ORD',
65 silly get     'expect-ct': 'max-age=604800, report-uri="https://report-uri.cloudflare.com/cdn-cgi/beacon/expect-ct"',
65 silly get     vary: 'accept-encoding, accept',
65 silly get     server: 'cloudflare' } ]
66 verbose stack Error: Not found : sematic-ui
66 verbose stack     at makeError (/home/ubuntu/.nvm/versions/node/v4.7.3/lib/node_modules/npm/node_modules/npm-registry-client/lib/request.js:302:12)
66 verbose stack     at CachingRegistryClient.<anonymous> (/home/ubuntu/.nvm/versions/node/v4.7.3/lib/node_modules/npm/node_modules/npm-registry-client/lib/request.js:290:14)
66 verbose stack     at Request._callback (/home/ubuntu/.nvm/versions/node/v4.7.3/lib/node_modules/npm/node_modules/npm-registry-client/lib/request.js:210:14)
66 verbose stack     at Request.self.callback (/home/ubuntu/.nvm/versions/node/v4.7.3/lib/node_modules/npm/node_modules/request/request.js:187:22)
66 verbose stack     at emitTwo (events.js:87:13)
66 verbose stack     at Request.emit (events.js:172:7)
66 verbose stack     at Request.<anonymous> (/home/ubuntu/.nvm/versions/node/v4.7.3/lib/node_modules/npm/node_modules/request/request.js:1044:10)
66 verbose stack     at emitOne (events.js:77:13)
66 verbose stack     at Request.emit (events.js:169:7)
66 verbose stack     at IncomingMessage.<anonymous> (/home/ubuntu/.nvm/versions/node/v4.7.3/lib/node_modules/npm/node_modules/request/request.js:965:12)
67 verbose statusCode 404
68 verbose pkgid sematic-ui
69 verbose cwd /home/ubuntu/workspace/writingblocks
70 error Linux 4.9.120-c9
71 error argv "/home/ubuntu/.nvm/versions/node/v4.7.3/bin/node" "/home/ubuntu/.nvm/versions/node/v4.7.3/bin/npm" "install" "sematic-ui" "--save"
72 error node v4.7.3
73 error npm  v2.15.11
74 error code E404
75 error 404 Not found : sematic-ui
75 error 404
75 error 404 'sematic-ui' is not in the npm registry.
75 error 404 You should bug the author to publish it (or use the name yourself!)
75 error 404 It was specified as a dependency of 'writingblocks'
75 error 404
75 error 404 Note that you can also install from a
75 error 404 tarball, folder, http url, or git url.
76 verbose exit [ 1, true ]
